[INFO  - 2018-09-06T15:28:42.964Z] GhostDriver - Main - running on port 29419
[INFO  - 2018-09-06T15:28:43.183Z] Session [89c697b0-b1e9-11e8-982a-cd7140fedaab] - page.settings - {"XSSAuditingEnabled":false,"javascriptCanCloseWindows":true,"javascriptCanOpenWindows":true,"javascriptEnabled":true,"loadImages":true,"localToRemoteUrlAccessEnabled":false,"userAgent":"Mozilla/5.0 (Windows NT 6.2; WOW64) AppleWebKit/538.1 (KHTML, like Gecko) PhantomJS/2.1.1 Safari/538.1","webSecurityEnabled":true}
[INFO  - 2018-09-06T15:28:43.183Z] Session [89c697b0-b1e9-11e8-982a-cd7140fedaab] - page.customHeaders:  - {}
[INFO  - 2018-09-06T15:28:43.184Z] Session [89c697b0-b1e9-11e8-982a-cd7140fedaab] - Session.negotiatedCapabilities - {"browserName":"phantomjs","version":"2.1.1","driverName":"ghostdriver","driverVersion":"1.2.0","platform":"windows-10-32bit","javascriptEnabled":true,"takesScreenshot":true,"handlesAlerts":false,"databaseEnabled":false,"locationContextEnabled":false,"applicationCacheEnabled":false,"browserConnectionEnabled":false,"cssSelectorsEnabled":true,"webStorageEnabled":false,"rotatable":false,"acceptSslCerts":false,"nativeEvents":true,"proxy":{"proxyType":"direct"}}
[INFO  - 2018-09-06T15:28:43.184Z] SessionManagerReqHand - _postNewSessionCommand - New Session Created: 89c697b0-b1e9-11e8-982a-cd7140fedaab
[INFO  - 2018-09-06T15:28:46.578Z] GhostDriver - Main - running on port 22724
[INFO  - 2018-09-06T15:28:46.730Z] Session [8be38440-b1e9-11e8-8dd7-81b5a80d82ec] - page.settings - {"XSSAuditingEnabled":false,"javascriptCanCloseWindows":true,"javascriptCanOpenWindows":true,"javascriptEnabled":true,"loadImages":true,"localToRemoteUrlAccessEnabled":false,"userAgent":"Mozilla/5.0 (Windows NT 6.2; WOW64) AppleWebKit/538.1 (KHTML, like Gecko) PhantomJS/2.1.1 Safari/538.1","webSecurityEnabled":true}
[INFO  - 2018-09-06T15:28:46.730Z] Session [8be38440-b1e9-11e8-8dd7-81b5a80d82ec] - page.customHeaders:  - {}
[INFO  - 2018-09-06T15:28:46.730Z] Session [8be38440-b1e9-11e8-8dd7-81b5a80d82ec] - Session.negotiatedCapabilities - {"browserName":"phantomjs","version":"2.1.1","driverName":"ghostdriver","driverVersion":"1.2.0","platform":"windows-10-32bit","javascriptEnabled":true,"takesScreenshot":true,"handlesAlerts":false,"databaseEnabled":false,"locationContextEnabled":false,"applicationCacheEnabled":false,"browserConnectionEnabled":false,"cssSelectorsEnabled":true,"webStorageEnabled":false,"rotatable":false,"acceptSslCerts":false,"nativeEvents":true,"proxy":{"proxyType":"direct"}}
[INFO  - 2018-09-06T15:28:46.730Z] SessionManagerReqHand - _postNewSessionCommand - New Session Created: 8be38440-b1e9-11e8-8dd7-81b5a80d82ec
[INFO  - 2018-09-06T15:30:02.966Z] GhostDriver - Main - running on port 26598
[INFO  - 2018-09-06T15:30:03.333Z] Session [b98c5c00-b1e9-11e8-8b33-d55f2c2efc49] - page.settings - {"XSSAuditingEnabled":false,"javascriptCanCloseWindows":true,"javascriptCanOpenWindows":true,"javascriptEnabled":true,"loadImages":true,"localToRemoteUrlAccessEnabled":false,"userAgent":"Mozilla/5.0 (Windows NT 6.2; WOW64) AppleWebKit/538.1 (KHTML, like Gecko) PhantomJS/2.1.1 Safari/538.1","webSecurityEnabled":true}
[INFO  - 2018-09-06T15:30:03.333Z] Session [b98c5c00-b1e9-11e8-8b33-d55f2c2efc49] - page.customHeaders:  - {}
[INFO  - 2018-09-06T15:30:03.333Z] Session [b98c5c00-b1e9-11e8-8b33-d55f2c2efc49] - Session.negotiatedCapabilities - {"browserName":"phantomjs","version":"2.1.1","driverName":"ghostdriver","driverVersion":"1.2.0","platform":"windows-10-32bit","javascriptEnabled":true,"takesScreenshot":true,"handlesAlerts":false,"databaseEnabled":false,"locationContextEnabled":false,"applicationCacheEnabled":false,"browserConnectionEnabled":false,"cssSelectorsEnabled":true,"webStorageEnabled":false,"rotatable":false,"acceptSslCerts":false,"nativeEvents":true,"proxy":{"proxyType":"direct"}}
[INFO  - 2018-09-06T15:30:03.333Z] SessionManagerReqHand - _postNewSessionCommand - New Session Created: b98c5c00-b1e9-11e8-8b33-d55f2c2efc49
[INFO  - 2018-09-06T15:30:06.455Z] GhostDriver - Main - running on port 1514
[INFO  - 2018-09-06T15:30:06.602Z] Session [bb7e8f10-b1e9-11e8-b7fd-5f68e8bf65f1] - page.settings - {"XSSAuditingEnabled":false,"javascriptCanCloseWindows":true,"javascriptCanOpenWindows":true,"javascriptEnabled":true,"loadImages":true,"localToRemoteUrlAccessEnabled":false,"userAgent":"Mozilla/5.0 (Windows NT 6.2; WOW64) AppleWebKit/538.1 (KHTML, like Gecko) PhantomJS/2.1.1 Safari/538.1","webSecurityEnabled":true}
[INFO  - 2018-09-06T15:30:06.603Z] Session [bb7e8f10-b1e9-11e8-b7fd-5f68e8bf65f1] - page.customHeaders:  - {}
[INFO  - 2018-09-06T15:30:06.603Z] Session [bb7e8f10-b1e9-11e8-b7fd-5f68e8bf65f1] - Session.negotiatedCapabilities - {"browserName":"phantomjs","version":"2.1.1","driverName":"ghostdriver","driverVersion":"1.2.0","platform":"windows-10-32bit","javascriptEnabled":true,"takesScreenshot":true,"handlesAlerts":false,"databaseEnabled":false,"locationContextEnabled":false,"applicationCacheEnabled":false,"browserConnectionEnabled":false,"cssSelectorsEnabled":true,"webStorageEnabled":false,"rotatable":false,"acceptSslCerts":false,"nativeEvents":true,"proxy":{"proxyType":"direct"}}
[INFO  - 2018-09-06T15:30:06.603Z] SessionManagerReqHand - _postNewSessionCommand - New Session Created: bb7e8f10-b1e9-11e8-b7fd-5f68e8bf65f1
